Performing C++ SOURCE FILE Test flag_supported failed with the following output:
Change Dir: C:/Users/sven/Desktop/Scolaire/M1/moteur 3d/out/build/x64-Debug/CMakeFiles/CMakeTmp

Run Build Command(s):C:/Program Files/Microsoft Visual Studio/2022/Professional/Common7/IDE/CommonExtensions/Microsoft/CMake/Ninja/ninja.exe cmTC_64d90 && [1/2] Building CXX object CMakeFiles\cmTC_64d90.dir\src.cxx.obj
FAILED: CMakeFiles/cmTC_64d90.dir/src.cxx.obj 
C:\PROGRA~1\MICROS~2\2022\PROFES~1\VC\Tools\MSVC\1431~1.311\bin\Hostx64\x64\cl.exe  /nologo /TP -Dflag_supported  /DWIN32 /D_WINDOWS /W3 /GR /EHsc -Wall  /MDd /Zi /Ob0 /Od /RTC1   -Wextra /showIncludes /FoCMakeFiles\cmTC_64d90.dir\src.cxx.obj /FdCMakeFiles\cmTC_64d90.dir\ /FS -c "C:\Users\sven\Desktop\Scolaire\M1\moteur 3d\out\build\x64-Debug\CMakeFiles\CMakeTmp\src.cxx"
cl : Ligne de commande error D8021 : argument numérique non valide '/Wextra'
ninja: build stopped: subcommand failed.


Source file was:
int main() { return 0; }
Performing C++ SOURCE FILE Test flag_supported failed with the following output:
Change Dir: C:/Users/sven/Desktop/Scolaire/M1/moteur 3d/out/build/x64-Debug/CMakeFiles/CMakeTmp

Run Build Command(s):C:/Program Files/Microsoft Visual Studio/2022/Professional/Common7/IDE/CommonExtensions/Microsoft/CMake/Ninja/ninja.exe cmTC_c4b79 && [1/2] Building CXX object CMakeFiles\cmTC_c4b79.dir\src.cxx.obj
cl : Ligne de commande warning D9002 : option '-pedantic' inconnue ignorée
[2/2] Linking CXX executable cmTC_c4b79.exe


Source file was:
int main() { return 0; }
Performing C++ SOURCE FILE Test flag_supported failed with the following output:
Change Dir: C:/Users/sven/Desktop/Scolaire/M1/moteur 3d/out/build/x64-Debug/CMakeFiles/CMakeTmp

Run Build Command(s):C:/Program Files/Microsoft Visual Studio/2022/Professional/Common7/IDE/CommonExtensions/Microsoft/CMake/Ninja/ninja.exe cmTC_3dfd5 && [1/2] Building CXX object CMakeFiles\cmTC_3dfd5.dir\src.cxx.obj
cl : Ligne de commande warning D9002 : option '-std=c++14' inconnue ignorée
[2/2] Linking CXX executable cmTC_3dfd5.exe


Source file was:
int main() { return 0; }
Performing C++ SOURCE FILE Test flag_supported failed with the following output:
Change Dir: C:/Users/sven/Desktop/Scolaire/M1/moteur 3d/out/build/x64-Debug/CMakeFiles/CMakeTmp

Run Build Command(s):C:/Program Files/Microsoft Visual Studio/2022/Professional/Common7/IDE/CommonExtensions/Microsoft/CMake/Ninja/ninja.exe cmTC_dbd00 && [1/2] Building CXX object CMakeFiles\cmTC_dbd00.dir\src.cxx.obj
cl : Ligne de commande warning D9002 : option '-O3' inconnue ignorée
[2/2] Linking CXX executable cmTC_dbd00.exe


Source file was:
int main() { return 0; }
Performing C++ SOURCE FILE Test flag_supported failed with the following output:
Change Dir: C:/Users/sven/Desktop/Scolaire/M1/moteur 3d/out/build/x64-Debug/CMakeFiles/CMakeTmp

Run Build Command(s):C:/Program Files/Microsoft Visual Studio/2022/Professional/Common7/IDE/CommonExtensions/Microsoft/CMake/Ninja/ninja.exe cmTC_4c5c9 && [1/2] Building CXX object CMakeFiles\cmTC_4c5c9.dir\src.cxx.obj
cl : Ligne de commande warning D9002 : option '-fopenmp' inconnue ignorée
[2/2] Linking CXX executable cmTC_4c5c9.exe


Source file was:
int main() { return 0; }
